2024-11-19 22:23:49,905 P4121240 INFO {
    "batch_size": "4096",
    "data_format": "csv",
    "data_root": "/home/administrator/jupyter/yeon/recsys/Criteo_x1/",
    "dataset_id": "criteo_x1_7b681156",
    "debug": "False",
    "dnn_hidden_activations": "relu",
    "dnn_hidden_units": "[400, 400, 400]",
    "emb_layernorm": "False",
    "embedding_dim": "10",
    "embedding_regularizer": "1e-05",
    "epochs": "100",
    "every_x_epochs": "1",
    "feature_cols": "[{'active': True, 'dtype': 'float', 'name': ['I1', 'I2', 'I3', 'I4', 'I5', 'I6', 'I7', 'I8', 'I9', 'I10', 'I11', 'I12', 'I13'], 'type': 'numeric'}, {'active': True, 'dtype': 'float', 'name': ['C1', 'C2', 'C3', 'C4', 'C5', 'C6', 'C7', 'C8', 'C9', 'C10', 'C11', 'C12', 'C13', 'C14', 'C15', 'C16', 'C17', 'C18', 'C19', 'C20', 'C21', 'C22', 'C23', 'C24', 'C25', 'C26'], 'type': 'categorical'}]",
    "gpu": "0",
    "label_col": "{'dtype': 'float', 'name': 'label'}",
    "learning_rate": "0.001",
    "loss": "binary_crossentropy",
    "metrics": "['AUC', 'logloss']",
    "min_categr_count": "1",
    "model": "MaskNet",
    "model_id": "MaskNet_criteo_x1_008_7071fa3f",
    "model_root": "./Criteo/MaskNet_criteo_x1/",
    "model_type": "SerialMaskNet",
    "monitor": "AUC",
    "monitor_mode": "max",
    "net_dropout": "0.2",
    "net_layernorm": "True",
    "net_regularizer": "0",
    "num_workers": "3",
    "optimizer": "adam",
    "parallel_block_dim": "64",
    "parallel_num_blocks": "1",
    "patience": "2",
    "pickle_feature_encoder": "True",
    "reduction_ratio": "0.2",
    "save_best_only": "True",
    "seed": "2021",
    "shuffle": "True",
    "task": "binary_classification",
    "test_data": "/home/administrator/jupyter/yeon/recsys/Criteo_x1/test.csv",
    "train_data": "/home/administrator/jupyter/yeon/recsys/Criteo_x1/train.csv",
    "use_hdf5": "True",
    "valid_data": "/home/administrator/jupyter/yeon/recsys/Criteo_x1/valid.csv",
    "verbose": "0",
    "version": "pytorch"
}
2024-11-19 22:23:49,906 P4121240 INFO Set up feature encoder...
2024-11-19 22:23:49,906 P4121240 INFO Load feature_map from json: /home/administrator/jupyter/yeon/recsys/Criteo_x1/criteo_x1_7b681156/feature_map.json
2024-11-19 22:23:49,907 P4121240 INFO Loading data...
2024-11-19 22:23:49,908 P4121240 INFO Loading data from h5: /home/administrator/jupyter/yeon/recsys/Criteo_x1/criteo_x1_7b681156/train.h5
2024-11-19 22:23:56,538 P4121240 INFO Loading data from h5: /home/administrator/jupyter/yeon/recsys/Criteo_x1/criteo_x1_7b681156/valid.h5
2024-11-19 22:23:58,026 P4121240 INFO Train samples: total/33003326, pos/8456369, neg/24546957, ratio/25.62%, blocks/1
2024-11-19 22:23:58,026 P4121240 INFO Validation samples: total/8250124, pos/2114300, neg/6135824, ratio/25.63%, blocks/1
2024-11-19 22:23:58,026 P4121240 INFO Loading train data done.
2024-11-19 22:24:00,033 P4121240 INFO Total number of parameters: 21530629.
2024-11-19 22:24:00,034 P4121240 INFO Start training: 8058 batches/epoch
2024-11-19 22:24:00,034 P4121240 INFO ************ Epoch=1 start ************
2024-11-19 22:30:06,379 P4121240 INFO [Metrics] AUC: 0.804839 - logloss: 0.446453
2024-11-19 22:30:06,381 P4121240 INFO Save best model: monitor(max): 0.804839
2024-11-19 22:30:06,563 P4121240 INFO --- 8058/8058 batches finished ---
2024-11-19 22:30:06,895 P4121240 INFO Train loss: 0.461204
2024-11-19 22:30:06,895 P4121240 INFO ************ Epoch=1 end ************
2024-11-19 22:35:58,813 P4121240 INFO [Metrics] AUC: 0.807140 - logloss: 0.444640
2024-11-19 22:35:58,815 P4121240 INFO Save best model: monitor(max): 0.807140
2024-11-19 22:35:59,015 P4121240 INFO --- 8058/8058 batches finished ---
2024-11-19 22:35:59,354 P4121240 INFO Train loss: 0.455332
2024-11-19 22:35:59,355 P4121240 INFO ************ Epoch=2 end ************
2024-11-19 22:41:50,666 P4121240 INFO [Metrics] AUC: 0.808486 - logloss: 0.443273
2024-11-19 22:41:50,667 P4121240 INFO Save best model: monitor(max): 0.808486
2024-11-19 22:41:50,872 P4121240 INFO --- 8058/8058 batches finished ---
2024-11-19 22:41:51,189 P4121240 INFO Train loss: 0.453648
2024-11-19 22:41:51,189 P4121240 INFO ************ Epoch=3 end ************
2024-11-19 22:47:31,865 P4121240 INFO [Metrics] AUC: 0.808858 - logloss: 0.442680
2024-11-19 22:47:31,868 P4121240 INFO Save best model: monitor(max): 0.808858
2024-11-19 22:47:32,083 P4121240 INFO --- 8058/8058 batches finished ---
2024-11-19 22:47:32,412 P4121240 INFO Train loss: 0.452792
2024-11-19 22:47:32,412 P4121240 INFO ************ Epoch=4 end ************
2024-11-19 22:53:26,248 P4121240 INFO [Metrics] AUC: 0.809446 - logloss: 0.442268
2024-11-19 22:53:26,249 P4121240 INFO Save best model: monitor(max): 0.809446
2024-11-19 22:53:26,506 P4121240 INFO --- 8058/8058 batches finished ---
2024-11-19 22:53:26,850 P4121240 INFO Train loss: 0.452271
2024-11-19 22:53:26,850 P4121240 INFO ************ Epoch=5 end ************
2024-11-19 22:59:18,212 P4121240 INFO [Metrics] AUC: 0.809684 - logloss: 0.441950
2024-11-19 22:59:18,213 P4121240 INFO Save best model: monitor(max): 0.809684
2024-11-19 22:59:18,471 P4121240 INFO --- 8058/8058 batches finished ---
2024-11-19 22:59:18,821 P4121240 INFO Train loss: 0.451884
2024-11-19 22:59:18,821 P4121240 INFO ************ Epoch=6 end ************
2024-11-19 23:05:11,079 P4121240 INFO [Metrics] AUC: 0.809935 - logloss: 0.441992
2024-11-19 23:05:11,080 P4121240 INFO Save best model: monitor(max): 0.809935
2024-11-19 23:05:11,339 P4121240 INFO --- 8058/8058 batches finished ---
2024-11-19 23:05:11,700 P4121240 INFO Train loss: 0.451568
2024-11-19 23:05:11,700 P4121240 INFO ************ Epoch=7 end ************
2024-11-19 23:11:06,181 P4121240 INFO [Metrics] AUC: 0.810001 - logloss: 0.441799
2024-11-19 23:11:06,182 P4121240 INFO Save best model: monitor(max): 0.810001
2024-11-19 23:11:06,439 P4121240 INFO --- 8058/8058 batches finished ---
2024-11-19 23:11:06,786 P4121240 INFO Train loss: 0.451303
2024-11-19 23:11:06,786 P4121240 INFO ************ Epoch=8 end ************
2024-11-19 23:16:55,693 P4121240 INFO [Metrics] AUC: 0.809939 - logloss: 0.441851
2024-11-19 23:16:55,693 P4121240 INFO Monitor(max) STOP: 0.809939 !
2024-11-19 23:16:55,694 P4121240 INFO Reduce learning rate on plateau: 0.000100
2024-11-19 23:16:55,694 P4121240 INFO --- 8058/8058 batches finished ---
2024-11-19 23:16:56,037 P4121240 INFO Train loss: 0.451074
2024-11-19 23:16:56,037 P4121240 INFO ************ Epoch=9 end ************
2024-11-19 23:22:51,807 P4121240 INFO [Metrics] AUC: 0.813115 - logloss: 0.438840
2024-11-19 23:22:51,808 P4121240 INFO Save best model: monitor(max): 0.813115
2024-11-19 23:22:52,077 P4121240 INFO --- 8058/8058 batches finished ---
2024-11-19 23:22:52,430 P4121240 INFO Train loss: 0.439885
2024-11-19 23:22:52,431 P4121240 INFO ************ Epoch=10 end ************
2024-11-19 23:28:49,318 P4121240 INFO [Metrics] AUC: 0.813409 - logloss: 0.438605
2024-11-19 23:28:49,319 P4121240 INFO Save best model: monitor(max): 0.813409
2024-11-19 23:28:49,577 P4121240 INFO --- 8058/8058 batches finished ---
2024-11-19 23:28:49,924 P4121240 INFO Train loss: 0.435425
2024-11-19 23:28:49,924 P4121240 INFO ************ Epoch=11 end ************
2024-11-19 23:34:45,870 P4121240 INFO [Metrics] AUC: 0.813291 - logloss: 0.438748
2024-11-19 23:34:45,871 P4121240 INFO Monitor(max) STOP: 0.813291 !
2024-11-19 23:34:45,872 P4121240 INFO Reduce learning rate on plateau: 0.000010
2024-11-19 23:34:45,872 P4121240 INFO --- 8058/8058 batches finished ---
2024-11-19 23:34:46,218 P4121240 INFO Train loss: 0.433240
2024-11-19 23:34:46,219 P4121240 INFO ************ Epoch=12 end ************
2024-11-19 23:39:54,013 P4121240 INFO [Metrics] AUC: 0.812549 - logloss: 0.439851
2024-11-19 23:39:54,014 P4121240 INFO Monitor(max) STOP: 0.812549 !
2024-11-19 23:39:54,014 P4121240 INFO Reduce learning rate on plateau: 0.000001
2024-11-19 23:39:54,014 P4121240 INFO Early stopping at epoch=13
2024-11-19 23:39:54,014 P4121240 INFO --- 8058/8058 batches finished ---
2024-11-19 23:39:54,354 P4121240 INFO Train loss: 0.428316
2024-11-19 23:39:54,354 P4121240 INFO Training finished.
2024-11-19 23:39:54,355 P4121240 INFO Load best model: /home/administrator/jupyter/yeon/recsys/BARS/ranking/ctr/MaskNet/MaskNet_criteo_x1/Criteo/MaskNet_criteo_x1/criteo_x1_7b681156/MaskNet_criteo_x1_008_7071fa3f.model
2024-11-19 23:39:54,431 P4121240 INFO ****** Validation evaluation ******
2024-11-19 23:40:15,843 P4121240 INFO [Metrics] AUC: 0.813409 - logloss: 0.438605
2024-11-19 23:40:16,409 P4121240 INFO ******** Test evaluation ********
2024-11-19 23:40:16,409 P4121240 INFO Loading data...
2024-11-19 23:40:16,410 P4121240 INFO Loading data from h5: /home/administrator/jupyter/yeon/recsys/Criteo_x1/criteo_x1_7b681156/test.h5
2024-11-19 23:40:19,075 P4121240 INFO Test samples: total/4587167, pos/1174769, neg/3412398, ratio/25.61%, blocks/1
2024-11-19 23:40:19,075 P4121240 INFO Loading test data done.
2024-11-19 23:40:30,699 P4121240 INFO [Metrics] AUC: 0.813717 - logloss: 0.438166
