2024-11-14 10:55:04,112 P407532 INFO {
    "batch_size": "4096",
    "data_format": "csv",
    "data_root": "/data/jupyter/yeon/recsys/Criteo_x1/",
    "dataset_id": "criteo_x1_7b681156",
    "debug": "False",
    "dnn_hidden_activations": "relu",
    "dnn_hidden_units": "[400, 400, 400]",
    "emb_layernorm": "False",
    "embedding_dim": "10",
    "embedding_regularizer": "1e-05",
    "epochs": "100",
    "every_x_epochs": "1",
    "feature_cols": "[{'active': True, 'dtype': 'float', 'name': ['I1', 'I2', 'I3', 'I4', 'I5', 'I6', 'I7', 'I8', 'I9', 'I10', 'I11', 'I12', 'I13'], 'type': 'numeric'}, {'active': True, 'dtype': 'float', 'name': ['C1', 'C2', 'C3', 'C4', 'C5', 'C6', 'C7', 'C8', 'C9', 'C10', 'C11', 'C12', 'C13', 'C14', 'C15', 'C16', 'C17', 'C18', 'C19', 'C20', 'C21', 'C22', 'C23', 'C24', 'C25', 'C26'], 'type': 'categorical'}]",
    "gpu": "0",
    "label_col": "{'dtype': 'float', 'name': 'label'}",
    "learning_rate": "0.001",
    "loss": "binary_crossentropy",
    "metrics": "['AUC', 'logloss']",
    "min_categr_count": "1",
    "model": "MaskNet",
    "model_id": "MaskNet_criteo_x1_008_7071fa3f",
    "model_root": "./Criteo/MaskNet_criteo_x1/",
    "model_type": "SerialMaskNet",
    "monitor": "AUC",
    "monitor_mode": "max",
    "net_dropout": "0.2",
    "net_layernorm": "True",
    "net_regularizer": "0",
    "num_workers": "3",
    "optimizer": "adam",
    "parallel_block_dim": "64",
    "parallel_num_blocks": "1",
    "patience": "2",
    "pickle_feature_encoder": "True",
    "reduction_ratio": "0.2",
    "save_best_only": "True",
    "seed": "2021",
    "shuffle": "True",
    "task": "binary_classification",
    "test_data": "/data/jupyter/yeon/recsys/Criteo_x1/test.csv",
    "train_data": "/data/jupyter/yeon/recsys/Criteo_x1/train.csv",
    "use_hdf5": "True",
    "valid_data": "/data/jupyter/yeon/recsys/Criteo_x1/valid.csv",
    "verbose": "0",
    "version": "pytorch"
}
2024-11-14 10:55:04,112 P407532 INFO Set up feature encoder...
2024-11-14 10:55:04,113 P407532 INFO Load feature_map from json: /data/jupyter/yeon/recsys/Criteo_x1/criteo_x1_7b681156/feature_map.json
2024-11-14 10:55:04,113 P407532 INFO Loading data...
2024-11-14 10:55:04,114 P407532 INFO Loading data from h5: /data/jupyter/yeon/recsys/Criteo_x1/criteo_x1_7b681156/train.h5
2024-11-14 10:55:07,404 P407532 INFO Loading data from h5: /data/jupyter/yeon/recsys/Criteo_x1/criteo_x1_7b681156/valid.h5
2024-11-14 10:55:08,240 P407532 INFO Train samples: total/33003326, pos/8456369, neg/24546957, ratio/25.62%, blocks/1
2024-11-14 10:55:08,241 P407532 INFO Validation samples: total/8250124, pos/2114300, neg/6135824, ratio/25.63%, blocks/1
2024-11-14 10:55:08,241 P407532 INFO Loading train data done.
2024-11-14 10:55:09,320 P407532 INFO Total number of parameters: 21530629.
2024-11-14 10:55:09,320 P407532 INFO Start training: 8058 batches/epoch
2024-11-14 10:55:09,320 P407532 INFO ************ Epoch=1 start ************
2024-11-14 10:59:31,659 P407532 INFO [Metrics] AUC: 0.805030 - logloss: 0.446301
2024-11-14 10:59:31,660 P407532 INFO Save best model: monitor(max): 0.805030
2024-11-14 10:59:31,732 P407532 INFO --- 8058/8058 batches finished ---
2024-11-14 10:59:31,960 P407532 INFO Train loss: 0.461149
2024-11-14 10:59:31,961 P407532 INFO ************ Epoch=1 end ************
2024-11-14 11:03:58,320 P407532 INFO [Metrics] AUC: 0.807190 - logloss: 0.444630
2024-11-14 11:03:58,321 P407532 INFO Save best model: monitor(max): 0.807190
2024-11-14 11:03:58,423 P407532 INFO --- 8058/8058 batches finished ---
2024-11-14 11:03:58,587 P407532 INFO Train loss: 0.455332
2024-11-14 11:03:58,587 P407532 INFO ************ Epoch=2 end ************
2024-11-14 11:08:00,287 P407532 INFO [Metrics] AUC: 0.808518 - logloss: 0.443184
2024-11-14 11:08:00,288 P407532 INFO Save best model: monitor(max): 0.808518
2024-11-14 11:08:00,391 P407532 INFO --- 8058/8058 batches finished ---
2024-11-14 11:08:00,659 P407532 INFO Train loss: 0.453720
2024-11-14 11:08:00,659 P407532 INFO ************ Epoch=3 end ************
2024-11-14 11:11:49,956 P407532 INFO [Metrics] AUC: 0.808910 - logloss: 0.442615
2024-11-14 11:11:49,956 P407532 INFO Save best model: monitor(max): 0.808910
2024-11-14 11:11:50,060 P407532 INFO --- 8058/8058 batches finished ---
2024-11-14 11:11:50,305 P407532 INFO Train loss: 0.452878
2024-11-14 11:11:50,305 P407532 INFO ************ Epoch=4 end ************
2024-11-14 11:15:57,200 P407532 INFO [Metrics] AUC: 0.809432 - logloss: 0.442229
2024-11-14 11:15:57,201 P407532 INFO Save best model: monitor(max): 0.809432
2024-11-14 11:15:57,302 P407532 INFO --- 8058/8058 batches finished ---
2024-11-14 11:15:57,670 P407532 INFO Train loss: 0.452376
2024-11-14 11:15:57,670 P407532 INFO ************ Epoch=5 end ************
2024-11-14 11:20:23,756 P407532 INFO [Metrics] AUC: 0.809522 - logloss: 0.442067
2024-11-14 11:20:23,756 P407532 INFO Save best model: monitor(max): 0.809522
2024-11-14 11:20:23,873 P407532 INFO --- 8058/8058 batches finished ---
2024-11-14 11:20:24,010 P407532 INFO Train loss: 0.451981
2024-11-14 11:20:24,011 P407532 INFO ************ Epoch=6 end ************
2024-11-14 11:24:41,400 P407532 INFO [Metrics] AUC: 0.809867 - logloss: 0.442161
2024-11-14 11:24:41,401 P407532 INFO Save best model: monitor(max): 0.809867
2024-11-14 11:24:41,502 P407532 INFO --- 8058/8058 batches finished ---
2024-11-14 11:24:41,813 P407532 INFO Train loss: 0.451672
2024-11-14 11:24:41,813 P407532 INFO ************ Epoch=7 end ************
2024-11-14 11:29:14,194 P407532 INFO [Metrics] AUC: 0.810009 - logloss: 0.441748
2024-11-14 11:29:14,195 P407532 INFO Save best model: monitor(max): 0.810009
2024-11-14 11:29:14,301 P407532 INFO --- 8058/8058 batches finished ---
2024-11-14 11:29:14,568 P407532 INFO Train loss: 0.451422
2024-11-14 11:29:14,568 P407532 INFO ************ Epoch=8 end ************
2024-11-14 11:33:56,164 P407532 INFO [Metrics] AUC: 0.810048 - logloss: 0.441683
2024-11-14 11:33:56,165 P407532 INFO Save best model: monitor(max): 0.810048
2024-11-14 11:33:56,267 P407532 INFO --- 8058/8058 batches finished ---
2024-11-14 11:33:56,521 P407532 INFO Train loss: 0.451199
2024-11-14 11:33:56,521 P407532 INFO ************ Epoch=9 end ************
2024-11-14 11:38:54,061 P407532 INFO [Metrics] AUC: 0.810104 - logloss: 0.441630
2024-11-14 11:38:54,062 P407532 INFO Save best model: monitor(max): 0.810104
2024-11-14 11:38:54,163 P407532 INFO --- 8058/8058 batches finished ---
2024-11-14 11:38:54,340 P407532 INFO Train loss: 0.451027
2024-11-14 11:38:54,340 P407532 INFO ************ Epoch=10 end ************
2024-11-14 11:43:31,804 P407532 INFO [Metrics] AUC: 0.810251 - logloss: 0.441402
2024-11-14 11:43:31,805 P407532 INFO Save best model: monitor(max): 0.810251
2024-11-14 11:43:31,907 P407532 INFO --- 8058/8058 batches finished ---
2024-11-14 11:43:32,086 P407532 INFO Train loss: 0.450877
2024-11-14 11:43:32,086 P407532 INFO ************ Epoch=11 end ************
2024-11-14 11:47:56,387 P407532 INFO [Metrics] AUC: 0.810353 - logloss: 0.441303
2024-11-14 11:47:56,388 P407532 INFO Save best model: monitor(max): 0.810353
2024-11-14 11:47:56,490 P407532 INFO --- 8058/8058 batches finished ---
2024-11-14 11:47:56,781 P407532 INFO Train loss: 0.450738
2024-11-14 11:47:56,782 P407532 INFO ************ Epoch=12 end ************
2024-11-14 11:52:23,660 P407532 INFO [Metrics] AUC: 0.810510 - logloss: 0.441291
2024-11-14 11:52:23,661 P407532 INFO Save best model: monitor(max): 0.810510
2024-11-14 11:52:23,764 P407532 INFO --- 8058/8058 batches finished ---
2024-11-14 11:52:23,926 P407532 INFO Train loss: 0.450609
2024-11-14 11:52:23,926 P407532 INFO ************ Epoch=13 end ************
2024-11-14 11:57:17,748 P407532 INFO [Metrics] AUC: 0.810491 - logloss: 0.441258
2024-11-14 11:57:17,749 P407532 INFO Monitor(max) STOP: 0.810491 !
2024-11-14 11:57:17,749 P407532 INFO Reduce learning rate on plateau: 0.000100
2024-11-14 11:57:17,749 P407532 INFO --- 8058/8058 batches finished ---
2024-11-14 11:57:17,983 P407532 INFO Train loss: 0.450492
2024-11-14 11:57:17,983 P407532 INFO ************ Epoch=14 end ************
2024-11-14 12:01:39,728 P407532 INFO [Metrics] AUC: 0.813117 - logloss: 0.438799
2024-11-14 12:01:39,729 P407532 INFO Save best model: monitor(max): 0.813117
2024-11-14 12:01:39,832 P407532 INFO --- 8058/8058 batches finished ---
2024-11-14 12:01:40,102 P407532 INFO Train loss: 0.439027
2024-11-14 12:01:40,102 P407532 INFO ************ Epoch=15 end ************
2024-11-14 12:05:37,683 P407532 INFO [Metrics] AUC: 0.813384 - logloss: 0.438568
2024-11-14 12:05:37,684 P407532 INFO Save best model: monitor(max): 0.813384
2024-11-14 12:05:37,786 P407532 INFO --- 8058/8058 batches finished ---
2024-11-14 12:05:38,000 P407532 INFO Train loss: 0.434477
2024-11-14 12:05:38,000 P407532 INFO ************ Epoch=16 end ************
2024-11-14 12:10:27,689 P407532 INFO [Metrics] AUC: 0.813290 - logloss: 0.438874
2024-11-14 12:10:27,689 P407532 INFO Monitor(max) STOP: 0.813290 !
2024-11-14 12:10:27,689 P407532 INFO Reduce learning rate on plateau: 0.000010
2024-11-14 12:10:27,690 P407532 INFO --- 8058/8058 batches finished ---
2024-11-14 12:10:27,964 P407532 INFO Train loss: 0.432362
2024-11-14 12:10:27,964 P407532 INFO ************ Epoch=17 end ************
2024-11-14 12:14:17,393 P407532 INFO [Metrics] AUC: 0.812625 - logloss: 0.439833
2024-11-14 12:14:17,393 P407532 INFO Monitor(max) STOP: 0.812625 !
2024-11-14 12:14:17,394 P407532 INFO Reduce learning rate on plateau: 0.000001
2024-11-14 12:14:17,394 P407532 INFO Early stopping at epoch=18
2024-11-14 12:14:17,394 P407532 INFO --- 8058/8058 batches finished ---
2024-11-14 12:14:17,719 P407532 INFO Train loss: 0.427639
2024-11-14 12:14:17,719 P407532 INFO Training finished.
2024-11-14 12:14:17,719 P407532 INFO Load best model: /data/jupyter/yeon/recsys/BARS/ranking/ctr/MaskNet/MaskNet_criteo_x1/Criteo/MaskNet_criteo_x1/criteo_x1_7b681156/MaskNet_criteo_x1_008_7071fa3f.model
2024-11-14 12:14:17,781 P407532 INFO ****** Validation evaluation ******
2024-11-14 12:14:35,027 P407532 INFO [Metrics] AUC: 0.813384 - logloss: 0.438568
2024-11-14 12:14:35,422 P407532 INFO ******** Test evaluation ********
2024-11-14 12:14:35,422 P407532 INFO Loading data...
2024-11-14 12:14:35,423 P407532 INFO Loading data from h5: /data/jupyter/yeon/recsys/Criteo_x1/criteo_x1_7b681156/test.h5
2024-11-14 12:14:35,999 P407532 INFO Test samples: total/4587167, pos/1174769, neg/3412398, ratio/25.61%, blocks/1
2024-11-14 12:14:35,999 P407532 INFO Loading test data done.
2024-11-14 12:14:45,060 P407532 INFO [Metrics] AUC: 0.813629 - logloss: 0.438189
